
****** Vivado v2019.2 (64-bit)
  **** SW Build 2708876 on Wed Nov  6 21:39:14 MST 2019
  **** IP Build 2700528 on Thu Nov  7 00:09:20 MST 2019
    ** Copyright 1986-2019 Xilinx, Inc. All Rights Reserved.

source run_ippack.tcl -notrace
INFO: [IP_Flow 19-234] Refreshing IP repositories
INFO: [IP_Flow 19-1704] No user IP repositories specified
INFO: [IP_Flow 19-2313] Loaded Vivado IP repository '/tools/Xilinx/Vivado/2019.2/data/ip'.
create_ip: Time (s): cpu = 00:00:02 ; elapsed = 00:00:05 . Memory (MB): peak = 1510.891 ; gain = 42.582 ; free physical = 14250 ; free virtual = 15078
INFO: [IP_Flow 19-1686] Generating 'Synthesis' target for IP 'dop_ap_dadd_3_full_dsp_64'...
INFO: [IP_Flow 19-1686] Generating 'Simulation' target for IP 'dop_ap_dadd_3_full_dsp_64'...
INFO: [IP_Flow 19-1686] Generating 'Synthesis' target for IP 'dop_ap_ddiv_29_no_dsp_64'...
INFO: [IP_Flow 19-1686] Generating 'Simulation' target for IP 'dop_ap_ddiv_29_no_dsp_64'...
INFO: [IP_Flow 19-1686] Generating 'Synthesis' target for IP 'dop_ap_dmul_4_max_dsp_64'...
INFO: [IP_Flow 19-1686] Generating 'Simulation' target for IP 'dop_ap_dmul_4_max_dsp_64'...
INFO: [IP_Flow 19-1686] Generating 'Synthesis' target for IP 'dop_ap_dsub_3_full_dsp_64'...
INFO: [IP_Flow 19-1686] Generating 'Simulation' target for IP 'dop_ap_dsub_3_full_dsp_64'...
INFO: [IP_Flow 19-234] Refreshing IP repositories
INFO: [IP_Flow 19-1704] No user IP repositories specified
INFO: [IP_Flow 19-2313] Loaded Vivado IP repository '/tools/Xilinx/Vivado/2019.2/data/ip'.
INFO: [Common 17-206] Exiting Vivado at Thu Apr  9 21:22:45 2020...
